# JRE version: Java(TM) SE Runtime Environment (8.0_171-b11) (build 1.8.0_171-b11)
# Java VM: Java HotSpot(TM) 64-Bit Server VM (25.171-b11 mixed mode windows-amd64 compressed oops)
Heap:
 PSYoungGen      total 168960K, used 149447K [0x00000000eab00000, 0x00000000f5980000, 0x0000000100000000)
  eden space 159744K, 92% used [0x00000000eab00000,0x00000000f3b208f8,0x00000000f4700000)
  from space 9216K, 20% used [0x00000000f4700000,0x00000000f48d15a8,0x00000000f5000000)
  to   space 8704K, 0% used [0x00000000f5000000,0x00000000f5000000,0x00000000f5880000)
 ParOldGen       total 376320K, used 315916K [0x00000000c0000000, 0x00000000d6f80000, 0x00000000eab00000)
  object space 376320K, 83% used [0x00000000c0000000,0x00000000d3483118,0x00000000d6f80000)
 Metaspace       used 25163K, capacity 25508K, committed 25728K, reserved 1073152K
  class space    used 2800K, capacity 2922K, committed 2944K, reserved 1048576K
GC Heap History (10 events):
Event: 14.499 GC heap before
{Heap before GC invocations=10 (full 1):
 PSYoungGen      total 112640K, used 105552K [0x00000000eab00000, 0x00000000f2d80000, 0x0000000100000000)
  eden space 103936K, 100% used [0x00000000eab00000,0x00000000f1080000,0x00000000f1080000)
  from space 8704K, 18% used [0x00000000f1980000,0x00000000f1b14010,0x00000000f2200000)
  to   space 9216K, 0% used [0x00000000f1080000,0x00000000f1080000,0x00000000f1980000)
 ParOldGen       total 356352K, used 313212K [0x00000000c0000000, 0x00000000d5c00000, 0x00000000eab00000)
  object space 356352K, 87% used [0x00000000c0000000,0x00000000d31df1c8,0x00000000d5c00000)
 Metaspace       used 24572K, capacity 24890K, committed 25216K, reserved 1071104K
  class space    used 2771K, capacity 2867K, committed 2944K, reserved 1048576K
Event: 14.504 GC heap after
Heap after GC invocations=10 (full 1):
 PSYoungGen      total 112640K, used 105552K [0x00000000eab00000, 0x00000000f2d80000, 0x0000000100000000)
  eden space 103936K, 100% used [0x00000000eab00000,0x00000000f1080000,0x00000000f1080000)
  from space 8704K, 18% used [0x00000000f1980000,0x00000000f1b14010,0x00000000f2200000)
  to   space 9216K, 10% used [0x00000000f1080000,0x00000000f1167b98,0x00000000f1980000)
 ParOldGen       total 356352K, used 314002K [0x00000000c0000000, 0x00000000d5c00000, 0x00000000eab00000)
  object space 356352K, 88% used [0x00000000c0000000,0x00000000d32a4a18,0x00000000d5c00000)
 Metaspace       used 24572K, capacity 24890K, committed 25216K, reserved 1071104K
  class space    used 2771K, capacity 2867K, committed 2944K, reserved 1048576K
}
Event: 14.504 GC heap before
{Heap before GC invocations=11 (full 2):
 PSYoungGen      total 112640K, used 105552K [0x00000000eab00000, 0x00000000f2d80000, 0x0000000100000000)
  eden space 103936K, 100% used [0x00000000eab00000,0x00000000f1080000,0x00000000f1080000)
  from space 8704K, 18% used [0x00000000f1980000,0x00000000f1b14010,0x00000000f2200000)
  to   space 9216K, 10% used [0x00000000f1080000,0x00000000f1167b98,0x00000000f1980000)
 ParOldGen       total 356352K, used 314002K [0x00000000c0000000, 0x00000000d5c00000, 0x00000000eab00000)
  object space 356352K, 88% used [0x00000000c0000000,0x00000000d32a4a18,0x00000000d5c00000)
 Metaspace       used 24572K, capacity 24890K, committed 25216K, reserved 1071104K
  class space    used 2771K, capacity 2867K, committed 2944K, reserved 1048576K
Event: 14.550 GC heap after
Heap after GC invocations=11 (full 2):
 PSYoungGen      total 112640K, used 0K [0x00000000eab00000, 0x00000000f2d80000, 0x0000000100000000)
  eden space 103936K, 0% used [0x00000000eab00000,0x00000000eab00000,0x00000000f1080000)
  from space 8704K, 0% used [0x00000000f1980000,0x00000000f1980000,0x00000000f2200000)
  to   space 9216K, 0% used [0x00000000f1080000,0x00000000f1080000,0x00000000f1980000)
 ParOldGen       total 170496K, used 110106K [0x00000000c0000000, 0x00000000ca680000, 0x00000000eab00000)
  object space 170496K, 64% used [0x00000000c0000000,0x00000000c6b86808,0x00000000ca680000)
 Metaspace       used 24572K, capacity 24890K, committed 25216K, reserved 1071104K
  class space    used 2771K, capacity 2867K, committed 2944K, reserved 1048576K
}
Event: 17.861 GC heap before
{Heap before GC invocations=12 (full 2):
 PSYoungGen      total 112640K, used 103936K [0x00000000eab00000, 0x00000000f2d80000, 0x0000000100000000)
  eden space 103936K, 100% used [0x00000000eab00000,0x00000000f1080000,0x00000000f1080000)
  from space 8704K, 0% used [0x00000000f1980000,0x00000000f1980000,0x00000000f2200000)
  to   space 9216K, 0% used [0x00000000f1080000,0x00000000f1080000,0x00000000f1980000)
 ParOldGen       total 376320K, used 314906K [0x00000000c0000000, 0x00000000d6f80000, 0x00000000eab00000)
  object space 376320K, 83% used [0x00000000c0000000,0x00000000d3386828,0x00000000d6f80000)
 Metaspace       used 24918K, capacity 25222K, committed 25472K, reserved 1071104K
  class space    used 2778K, capacity 2869K, committed 2944K, reserved 1048576K
Event: 17.866 GC heap after
Heap after GC invocations=12 (full 2):
 PSYoungGen      total 113152K, used 4206K [0x00000000eab00000, 0x00000000f5880000, 0x0000000100000000)
  eden space 103936K, 0% used [0x00000000eab00000,0x00000000eab00000,0x00000000f1080000)
  from space 9216K, 45% used [0x00000000f1080000,0x00000000f149b9b0,0x00000000f1980000)
  to   space 8704K, 0% used [0x00000000f5000000,0x00000000f5000000,0x00000000f5880000)
 ParOldGen       total 376320K, used 314914K [0x00000000c0000000, 0x00000000d6f80000, 0x00000000eab00000)
  object space 376320K, 83% used [0x00000000c0000000,0x00000000d3388828,0x00000000d6f80000)
 Metaspace       used 24918K, capacity 25222K, committed 25472K, reserved 1071104K
  class space    used 2778K, capacity 2869K, committed 2944K, reserved 1048576K
}
Event: 17.939 GC heap before
{Heap before GC invocations=13 (full 2):
 PSYoungGen      total 113152K, used 17401K [0x00000000eab00000, 0x00000000f5880000, 0x0000000100000000)
  eden space 103936K, 12% used [0x00000000eab00000,0x00000000eb7e2a68,0x00000000f1080000)
  from space 9216K, 45% used [0x00000000f1080000,0x00000000f149b9b0,0x00000000f1980000)
  to   space 8704K, 0% used [0x00000000f5000000,0x00000000f5000000,0x00000000f5880000)
 ParOldGen       total 376320K, used 314914K [0x00000000c0000000, 0x00000000d6f80000, 0x00000000eab00000)
  object space 376320K, 83% used [0x00000000c0000000,0x00000000d3388828,0x00000000d6f80000)
 Metaspace       used 24948K, capacity 25318K, committed 25728K, reserved 1073152K
  class space    used 2781K, capacity 2901K, committed 2944K, reserved 1048576K
Event: 17.942 GC heap after
Heap after GC invocations=13 (full 2):
 PSYoungGen      total 168448K, used 1472K [0x00000000eab00000, 0x00000000f5980000, 0x0000000100000000)
  eden space 159744K, 0% used [0x00000000eab00000,0x00000000eab00000,0x00000000f4700000)
  from space 8704K, 16% used [0x00000000f5000000,0x00000000f51703f0,0x00000000f5880000)
  to   space 9216K, 0% used [0x00000000f4700000,0x00000000f4700000,0x00000000f5000000)
 ParOldGen       total 376320K, used 314922K [0x00000000c0000000, 0x00000000d6f80000, 0x00000000eab00000)
  object space 376320K, 83% used [0x00000000c0000000,0x00000000d338a828,0x00000000d6f80000)
 Metaspace       used 24948K, capacity 25318K, committed 25728K, reserved 1073152K
  class space    used 2781K, capacity 2901K, committed 2944K, reserved 1048576K
}
Event: 19.247 GC heap before
{Heap before GC invocations=14 (full 2):
 PSYoungGen      total 168448K, used 150576K [0x00000000eab00000, 0x00000000f5980000, 0x0000000100000000)
  eden space 159744K, 93% used [0x00000000eab00000,0x00000000f3c9bc38,0x00000000f4700000)
  from space 8704K, 16% used [0x00000000f5000000,0x00000000f51703f0,0x00000000f5880000)
  to   space 9216K, 0% used [0x00000000f4700000,0x00000000f4700000,0x00000000f5000000)
 ParOldGen       total 376320K, used 314922K [0x00000000c0000000, 0x00000000d6f80000, 0x00000000eab00000)
  object space 376320K, 83% used [0x00000000c0000000,0x00000000d338a828,0x00000000d6f80000)
 Metaspace       used 25029K, capacity 25378K, committed 25728K, reserved 1073152K
  class space    used 2787K, capacity 2911K, committed 2944K, reserved 1048576K
Event: 19.251 GC heap after
Heap after GC invocations=14 (full 2):
 PSYoungGen      total 168960K, used 1861K [0x00000000eab00000, 0x00000000f5980000, 0x0000000100000000)
  eden space 159744K, 0% used [0x00000000eab00000,0x00000000eab00000,0x00000000f4700000)
  from space 9216K, 20% used [0x00000000f4700000,0x00000000f48d15a8,0x00000000f5000000)
  to   space 8704K, 0% used [0x00000000f5000000,0x00000000f5000000,0x00000000f5880000)
 ParOldGen       total 376320K, used 315916K [0x00000000c0000000, 0x00000000d6f80000, 0x00000000eab00000)
  object space 376320K, 83% used [0x00000000c0000000,0x00000000d3483118,0x00000000d6f80000)
 Metaspace       used 25029K, capacity 25378K, committed 25728K, reserved 1073152K
  class space    used 2787K, capacity 2911K, committed 2944K, reserved 1048576K
}

