# JRE version: Java(TM) SE Runtime Environment (8.0_171-b11) (build 1.8.0_171-b11)
# Java VM: Java HotSpot(TM) 64-Bit Server VM (25.171-b11 mixed mode windows-amd64 compressed oops)
Heap:
 PSYoungGen      total 288256K, used 154577K [0x00000000eab00000, 0x0000000100000000, 0x0000000100000000)
  eden space 228352K, 67% used [0x00000000eab00000,0x00000000f41ac610,0x00000000f8a00000)
  from space 59904K, 0% used [0x00000000fc580000,0x00000000fc5c8000,0x0000000100000000)
  to   space 60416K, 0% used [0x00000000f8a00000,0x00000000f8a00000,0x00000000fc500000)
 ParOldGen       total 552448K, used 445656K [0x00000000c0000000, 0x00000000e1b80000, 0x00000000eab00000)
  object space 552448K, 80% used [0x00000000c0000000,0x00000000db336000,0x00000000e1b80000)
 Metaspace       used 25386K, capacity 25636K, committed 25984K, reserved 1073152K
  class space    used 2785K, capacity 2874K, committed 2944K, reserved 1048576K
GC Heap History (10 events):
Event: 297.161 GC heap before
{Heap before GC invocations=148 (full 6):
 PSYoungGen      total 296960K, used 34214K [0x00000000eab00000, 0x0000000100000000, 0x0000000100000000)
  eden space 243712K, 0% used [0x00000000eab00000,0x00000000eab00000,0x00000000f9900000)
  from space 53248K, 64% used [0x00000000fcb00000,0x00000000fec699d8,0x00000000fff00000)
  to   space 51200K, 0% used [0x00000000f9900000,0x00000000f9900000,0x00000000fcb00000)
 ParOldGen       total 447488K, used 428786K [0x00000000c0000000, 0x00000000db500000, 0x00000000eab00000)
  object space 447488K, 95% used [0x00000000c0000000,0x00000000da2bca48,0x00000000db500000)
 Metaspace       used 25347K, capacity 25636K, committed 25984K, reserved 1073152K
  class space    used 2785K, capacity 2874K, committed 2944K, reserved 1048576K
Event: 300.897 GC heap after
Heap after GC invocations=148 (full 6):
 PSYoungGen      total 296960K, used 0K [0x00000000eab00000, 0x0000000100000000, 0x0000000100000000)
  eden space 243712K, 0% used [0x00000000eab00000,0x00000000eab00000,0x00000000f9900000)
  from space 53248K, 0% used [0x00000000fcb00000,0x00000000fcb00000,0x00000000fff00000)
  to   space 51200K, 0% used [0x00000000f9900000,0x00000000f9900000,0x00000000fcb00000)
 ParOldGen       total 552448K, used 445656K [0x00000000c0000000, 0x00000000e1b80000, 0x00000000eab00000)
  object space 552448K, 80% used [0x00000000c0000000,0x00000000db336000,0x00000000e1b80000)
 Metaspace       used 25347K, capacity 25636K, committed 25984K, reserved 1073152K
  class space    used 2785K, capacity 2874K, committed 2944K, reserved 1048576K
}
Event: 302.591 GC heap before
{Heap before GC invocations=149 (full 6):
 PSYoungGen      total 296960K, used 243712K [0x00000000eab00000, 0x0000000100000000, 0x0000000100000000)
  eden space 243712K, 100% used [0x00000000eab00000,0x00000000f9900000,0x00000000f9900000)
  from space 53248K, 0% used [0x00000000fcb00000,0x00000000fcb00000,0x00000000fff00000)
  to   space 51200K, 0% used [0x00000000f9900000,0x00000000f9900000,0x00000000fcb00000)
 ParOldGen       total 552448K, used 445656K [0x00000000c0000000, 0x00000000e1b80000, 0x00000000eab00000)
  object space 552448K, 80% used [0x00000000c0000000,0x00000000db336000,0x00000000e1b80000)
 Metaspace       used 25347K, capacity 25636K, committed 25984K, reserved 1073152K
  class space    used 2785K, capacity 2874K, committed 2944K, reserved 1048576K
Event: 302.593 GC heap after
Heap after GC invocations=149 (full 6):
 PSYoungGen      total 244224K, used 160K [0x00000000eab00000, 0x0000000100000000, 0x0000000100000000)
  eden space 243712K, 0% used [0x00000000eab00000,0x00000000eab00000,0x00000000f9900000)
  from space 512K, 31% used [0x00000000f9900000,0x00000000f9928000,0x00000000f9980000)
  to   space 55296K, 0% used [0x00000000fca00000,0x00000000fca00000,0x0000000100000000)
 ParOldGen       total 552448K, used 445656K [0x00000000c0000000, 0x00000000e1b80000, 0x00000000eab00000)
  object space 552448K, 80% used [0x00000000c0000000,0x00000000db336000,0x00000000e1b80000)
 Metaspace       used 25347K, capacity 25636K, committed 25984K, reserved 1073152K
  class space    used 2785K, capacity 2874K, committed 2944K, reserved 1048576K
}
Event: 304.156 GC heap before
{Heap before GC invocations=150 (full 6):
 PSYoungGen      total 244224K, used 243872K [0x00000000eab00000, 0x0000000100000000, 0x0000000100000000)
  eden space 243712K, 100% used [0x00000000eab00000,0x00000000f9900000,0x00000000f9900000)
  from space 512K, 31% used [0x00000000f9900000,0x00000000f9928000,0x00000000f9980000)
  to   space 55296K, 0% used [0x00000000fca00000,0x00000000fca00000,0x0000000100000000)
 ParOldGen       total 552448K, used 445656K [0x00000000c0000000, 0x00000000e1b80000, 0x00000000eab00000)
  object space 552448K, 80% used [0x00000000c0000000,0x00000000db336000,0x00000000e1b80000)
 Metaspace       used 25347K, capacity 25636K, committed 25984K, reserved 1073152K
  class space    used 2785K, capacity 2874K, committed 2944K, reserved 1048576K
Event: 304.159 GC heap after
Heap after GC invocations=150 (full 6):
 PSYoungGen      total 287744K, used 224K [0x00000000eab00000, 0x0000000100000000, 0x0000000100000000)
  eden space 232448K, 0% used [0x00000000eab00000,0x00000000eab00000,0x00000000f8e00000)
  from space 55296K, 0% used [0x00000000fca00000,0x00000000fca38000,0x0000000100000000)
  to   space 58368K, 0% used [0x00000000f8e00000,0x00000000f8e00000,0x00000000fc700000)
 ParOldGen       total 552448K, used 445656K [0x00000000c0000000, 0x00000000e1b80000, 0x00000000eab00000)
  object space 552448K, 80% used [0x00000000c0000000,0x00000000db336000,0x00000000e1b80000)
 Metaspace       used 25347K, capacity 25636K, committed 25984K, reserved 1073152K
  class space    used 2785K, capacity 2874K, committed 2944K, reserved 1048576K
}
Event: 305.403 GC heap before
{Heap before GC invocations=151 (full 6):
 PSYoungGen      total 287744K, used 219433K [0x00000000eab00000, 0x0000000100000000, 0x0000000100000000)
  eden space 232448K, 94% used [0x00000000eab00000,0x00000000f8112730,0x00000000f8e00000)
  from space 55296K, 0% used [0x00000000fca00000,0x00000000fca38000,0x0000000100000000)
  to   space 58368K, 0% used [0x00000000f8e00000,0x00000000f8e00000,0x00000000fc700000)
 ParOldGen       total 552448K, used 445656K [0x00000000c0000000, 0x00000000e1b80000, 0x00000000eab00000)
  object space 552448K, 80% used [0x00000000c0000000,0x00000000db336000,0x00000000e1b80000)
 Metaspace       used 25352K, capacity 25636K, committed 25984K, reserved 1073152K
  class space    used 2785K, capacity 2874K, committed 2944K, reserved 1048576K
Event: 305.411 GC heap after
Heap after GC invocations=151 (full 6):
 PSYoungGen      total 232960K, used 320K [0x00000000eab00000, 0x0000000100000000, 0x0000000100000000)
  eden space 232448K, 0% used [0x00000000eab00000,0x00000000eab00000,0x00000000f8e00000)
  from space 512K, 62% used [0x00000000f8e00000,0x00000000f8e50000,0x00000000f8e80000)
  to   space 59904K, 0% used [0x00000000fc580000,0x00000000fc580000,0x0000000100000000)
 ParOldGen       total 552448K, used 445656K [0x00000000c0000000, 0x00000000e1b80000, 0x00000000eab00000)
  object space 552448K, 80% used [0x00000000c0000000,0x00000000db336000,0x00000000e1b80000)
 Metaspace       used 25352K, capacity 25636K, committed 25984K, reserved 1073152K
  class space    used 2785K, capacity 2874K, committed 2944K, reserved 1048576K
}
Event: 305.429 GC heap before
{Heap before GC invocations=152 (full 6):
 PSYoungGen      total 232960K, used 137131K [0x00000000eab00000, 0x0000000100000000, 0x0000000100000000)
  eden space 232448K, 58% used [0x00000000eab00000,0x00000000f309afa0,0x00000000f8e00000)
  from space 512K, 62% used [0x00000000f8e00000,0x00000000f8e50000,0x00000000f8e80000)
  to   space 59904K, 0% used [0x00000000fc580000,0x00000000fc580000,0x0000000100000000)
 ParOldGen       total 552448K, used 445656K [0x00000000c0000000, 0x00000000e1b80000, 0x00000000eab00000)
  object space 552448K, 80% used [0x00000000c0000000,0x00000000db336000,0x00000000e1b80000)
 Metaspace       used 25352K, capacity 25636K, committed 25984K, reserved 1073152K
  class space    used 2785K, capacity 2874K, committed 2944K, reserved 1048576K
Event: 305.434 GC heap after
Heap after GC invocations=152 (full 6):
 PSYoungGen      total 288256K, used 288K [0x00000000eab00000, 0x0000000100000000, 0x0000000100000000)
  eden space 228352K, 0% used [0x00000000eab00000,0x00000000eab00000,0x00000000f8a00000)
  from space 59904K, 0% used [0x00000000fc580000,0x00000000fc5c8000,0x0000000100000000)
  to   space 60416K, 0% used [0x00000000f8a00000,0x00000000f8a00000,0x00000000fc500000)
 ParOldGen       total 552448K, used 445656K [0x00000000c0000000, 0x00000000e1b80000, 0x00000000eab00000)
  object space 552448K, 80% used [0x00000000c0000000,0x00000000db336000,0x00000000e1b80000)
 Metaspace       used 25352K, capacity 25636K, committed 25984K, reserved 1073152K
  class space    used 2785K, capacity 2874K, committed 2944K, reserved 1048576K
}

